{"message":"GET / 304 - - 18.285 ms\n","level":"info"}
{"message":"GET / 304 - - 1.150 ms\n","level":"info"}
{"message":"GET / 304 - - 0.734 ms\n","level":"info"}
{"message":"GET / 304 - - 0.383 ms\n","level":"info"}
{"message":"GET / 304 - - 0.464 ms\n","level":"info"}
{"message":"GET / 304 - - 15.049 ms\n","level":"info"}
{"message":null,"level":"error"}
{"message":null,"level":"error"}
{"message":null,"level":"error"}
{"message":null,"level":"error"}
{"message":null,"level":"error"}
{"message":null,"level":"error"}
{"message":null,"level":"error"}
{"message":null,"level":"error"}
{"message":null,"level":"error"}
{"message":null,"level":"error"}
{"message":null,"level":"error"}
{"message":null,"level":"error"}
{"message":"GET /students/ 200 13 - 9.361 ms\n","level":"info"}
{"message":null,"level":"error"}
{"message":"GET /students/ 200 17 - 8.297 ms\n","level":"info"}
{"message":null,"level":"error"}
{"message":null,"level":"error"}
{"message":"POST /students/ 200 13 - 12.433 ms\n","level":"info"}
{"message":"combine\n","level":"info"}
{"message":null,"level":"error"}
{"message":null,"level":"error"}
{"message":"POST /students/ 200 13 - 22.033 ms\n","level":"info"}
{"message":null,"level":"error"}
{"message":"POST /students/ 200 13 - 21.761 ms\n","level":"info"}
{"message":null,"level":"error"}
{"message":{"rollNumber":"125","firstName":"ashok","lastName":"chourasia","age":32,"adrss":{"loc":"HAL","city":"bangalore","pinCode":560017,"state":"karnatka"}},"level":"info"}
{"message":"POST /students/ 200 13 - 59.597 ms\n","level":"info"}
{"message":"Express started on port 8080","level":"info"}
{"message":null,"level":"error"}
{"message":"Express started on port 8080","level":"info"}
{"message":null,"level":"error"}
{"message":"Express started on port 8080","level":"info"}
{"message":null,"level":"error"}
{"message":{"_readableState":{"objectMode":false,"highWaterMark":16384,"buffer":{"head":null,"tail":null,"length":0},"length":0,"pipes":null,"pipesCount":0,"flowing":true,"ended":true,"endEmitted":true,"reading":false,"sync":false,"needReadable":false,"emittedReadable":false,"readableListening":false,"resumeScheduled":false,"destroyed":false,"defaultEncoding":"utf8","awaitDrain":0,"readingMore":false,"decoder":null,"encoding":null},"readable":false,"domain":null,"_events":{},"_eventsCount":1,"socket":{"connecting":false,"_hadError":false,"_handle":{"reading":true,"owner":"[Circular]","onconnection":null,"writeQueueSize":0,"_consumed":true},"_parent":null,"_host":null,"_readableState":{"objectMode":false,"highWaterMark":16384,"buffer":{"head":null,"tail":null,"length":0},"length":0,"pipes":null,"pipesCount":0,"flowing":true,"ended":false,"endEmitted":false,"reading":true,"sync":false,"needReadable":true,"emittedReadable":false,"readableListening":false,"resumeScheduled":false,"destroyed":false,"defaultEncoding":"utf8","awaitDrain":0,"readingMore":false,"decoder":null,"encoding":null},"readable":true,"domain":null,"_events":{"end":[null,null],"drain":[null,null],"error":[null,null],"close":[null,null,null]},"_eventsCount":9,"_writableState":{"objectMode":false,"highWaterMark":16384,"finalCalled":false,"needDrain":false,"ending":false,"ended":false,"finished":false,"destroyed":false,"decodeStrings":false,"defaultEncoding":"utf8","length":0,"writing":false,"corked":0,"sync":true,"bufferProcessing":false,"writecb":null,"writelen":0,"bufferedRequest":null,"lastBufferedRequest":null,"pendingcb":0,"prefinished":false,"errorEmitted":false,"bufferedRequestCount":0,"corkedRequestsFree":{"next":null,"entry":null}},"writable":true,"allowHalfOpen":true,"_bytesDispatched":0,"_sockname":null,"_pendingData":null,"_pendingEncoding":"","server":{"domain":null,"_events":{},"_eventsCount":2,"_connections":1,"_handle":{"reading":false,"owner":"[Circular]","onread":null,"writeQueueSize":0},"_usingSlaves":false,"_slaves":[],"_unref":false,"allowHalfOpen":true,"pauseOnConnect":false,"httpAllowHalfOpen":false,"timeout":120000,"keepAliveTimeout":5000,"_pendingResponseData":0,"maxHeadersCount":null,"headersTimeout":40000,"_connectionKey":"6::::8080"},"_server":{"domain":null,"_events":{},"_eventsCount":2,"_connections":1,"_handle":{"reading":false,"owner":"[Circular]","onread":null,"writeQueueSize":0},"_usingSlaves":false,"_slaves":[],"_unref":false,"allowHalfOpen":true,"pauseOnConnect":false,"httpAllowHalfOpen":false,"timeout":120000,"keepAliveTimeout":5000,"_pendingResponseData":0,"maxHeadersCount":null,"headersTimeout":40000,"_connectionKey":"6::::8080"},"_idleTimeout":120000,"_idleNext":{"_idleNext":"[Circular]","_idlePrev":"[Circular]","_timer":{"_list":"[Circular]"},"_unrefed":true,"msecs":120000,"nextTick":false},"_idlePrev":{"_idleNext":"[Circular]","_idlePrev":"[Circular]","_timer":{"_list":"[Circular]"},"_unrefed":true,"msecs":120000,"nextTick":false},"_idleStart":9528,"_destroyed":false,"parser":{"_headers":[],"_url":"","_consumed":true,"socket":"[Circular]","incoming":"[Circular]","outgoing":null,"parsingHeadersStart":1585710284876,"maxHeaderPairs":2000},"_paused":false,"_httpMessage":{"domain":null,"_events":{"finish":[null,null]},"_eventsCount":2,"output":[],"outputEncodings":[],"outputCallbacks":[],"outputSize":0,"writable":true,"_last":false,"upgrading":false,"chunkedEncoding":false,"shouldKeepAlive":true,"useChunkedEncodingByDefault":true,"sendDate":true,"_removedConnection":false,"_removedContLen":false,"_removedTE":false,"_contentLength":null,"_hasBody":true,"_trailer":"","finished":false,"_headerSent":false,"socket":"[Circular]","connection":"[Circular]","_header":null,"_sent100":false,"_expect_continue":false,"req":"[Circular]","locals":{}},"_peername":{"address":"::1","family":"IPv6","port":65253}},"connection":{"connecting":false,"_hadError":false,"_handle":{"reading":true,"owner":"[Circular]","onconnection":null,"writeQueueSize":0,"_consumed":true},"_parent":null,"_host":null,"_readableState":{"objectMode":false,"highWaterMark":16384,"buffer":{"head":null,"tail":null,"length":0},"length":0,"pipes":null,"pipesCount":0,"flowing":true,"ended":false,"endEmitted":false,"reading":true,"sync":false,"needReadable":true,"emittedReadable":false,"readableListening":false,"resumeScheduled":false,"destroyed":false,"defaultEncoding":"utf8","awaitDrain":0,"readingMore":false,"decoder":null,"encoding":null},"readable":true,"domain":null,"_events":{"end":[null,null],"drain":[null,null],"error":[null,null],"close":[null,null,null]},"_eventsCount":9,"_writableState":{"objectMode":false,"highWaterMark":16384,"finalCalled":false,"needDrain":false,"ending":false,"ended":false,"finished":false,"destroyed":false,"decodeStrings":false,"defaultEncoding":"utf8","length":0,"writing":false,"corked":0,"sync":true,"bufferProcessing":false,"writecb":null,"writelen":0,"bufferedRequest":null,"lastBufferedRequest":null,"pendingcb":0,"prefinished":false,"errorEmitted":false,"bufferedRequestCount":0,"corkedRequestsFree":{"next":null,"entry":null}},"writable":true,"allowHalfOpen":true,"_bytesDispatched":0,"_sockname":null,"_pendingData":null,"_pendingEncoding":"","server":{"domain":null,"_events":{},"_eventsCount":2,"_connections":1,"_handle":{"reading":false,"owner":"[Circular]","onread":null,"writeQueueSize":0},"_usingSlaves":false,"_slaves":[],"_unref":false,"allowHalfOpen":true,"pauseOnConnect":false,"httpAllowHalfOpen":false,"timeout":120000,"keepAliveTimeout":5000,"_pendingResponseData":0,"maxHeadersCount":null,"headersTimeout":40000,"_connectionKey":"6::::8080"},"_server":{"domain":null,"_events":{},"_eventsCount":2,"_connections":1,"_handle":{"reading":false,"owner":"[Circular]","onread":null,"writeQueueSize":0},"_usingSlaves":false,"_slaves":[],"_unref":false,"allowHalfOpen":true,"pauseOnConnect":false,"httpAllowHalfOpen":false,"timeout":120000,"keepAliveTimeout":5000,"_pendingResponseData":0,"maxHeadersCount":null,"headersTimeout":40000,"_connectionKey":"6::::8080"},"_idleTimeout":120000,"_idleNext":{"_idleNext":"[Circular]","_idlePrev":"[Circular]","_timer":{"_list":"[Circular]"},"_unrefed":true,"msecs":120000,"nextTick":false},"_idlePrev":{"_idleNext":"[Circular]","_idlePrev":"[Circular]","_timer":{"_list":"[Circular]"},"_unrefed":true,"msecs":120000,"nextTick":false},"_idleStart":9528,"_destroyed":false,"parser":{"_headers":[],"_url":"","_consumed":true,"socket":"[Circular]","incoming":"[Circular]","outgoing":null,"parsingHeadersStart":1585710284876,"maxHeaderPairs":2000},"_paused":false,"_httpMessage":{"domain":null,"_events":{"finish":[null,null]},"_eventsCount":2,"output":[],"outputEncodings":[],"outputCallbacks":[],"outputSize":0,"writable":true,"_last":false,"upgrading":false,"chunkedEncoding":false,"shouldKeepAlive":true,"useChunkedEncodingByDefault":true,"sendDate":true,"_removedConnection":false,"_removedContLen":false,"_removedTE":false,"_contentLength":null,"_hasBody":true,"_trailer":"","finished":false,"_headerSent":false,"socket":"[Circular]","connection":"[Circular]","_header":null,"_sent100":false,"_expect_continue":false,"req":"[Circular]","locals":{}},"_peername":{"address":"::1","family":"IPv6","port":65253}},"httpVersionMajor":1,"httpVersionMinor":1,"httpVersion":"1.1","complete":true,"headers":{"content-type":"application/json","user-agent":"PostmanRuntime/7.24.0","accept":"*/*","cache-control":"no-cache","postman-token":"675e3b70-d11e-43c9-bbcf-e961dadcbb00","host":"localhost:8080","accept-encoding":"gzip, deflate, br","connection":"keep-alive","content-length":"225"},"rawHeaders":["Content-Type","application/json","User-Agent","PostmanRuntime/7.24.0","Accept","*/*","Cache-Control","no-cache","Postman-Token","675e3b70-d11e-43c9-bbcf-e961dadcbb00","Host","localhost:8080","Accept-Encoding","gzip, deflate, br","Connection","keep-alive","Content-Length","225"],"trailers":{},"rawTrailers":[],"aborted":false,"upgrade":false,"url":"/students/","method":"POST","statusCode":null,"statusMessage":null,"client":{"connecting":false,"_hadError":false,"_handle":{"reading":true,"owner":"[Circular]","onconnection":null,"writeQueueSize":0,"_consumed":true},"_parent":null,"_host":null,"_readableState":{"objectMode":false,"highWaterMark":16384,"buffer":{"head":null,"tail":null,"length":0},"length":0,"pipes":null,"pipesCount":0,"flowing":true,"ended":false,"endEmitted":false,"reading":true,"sync":false,"needReadable":true,"emittedReadable":false,"readableListening":false,"resumeScheduled":false,"destroyed":false,"defaultEncoding":"utf8","awaitDrain":0,"readingMore":false,"decoder":null,"encoding":null},"readable":true,"domain":null,"_events":{"end":[null,null],"drain":[null,null],"error":[null,null],"close":[null,null,null]},"_eventsCount":9,"_writableState":{"objectMode":false,"highWaterMark":16384,"finalCalled":false,"needDrain":false,"ending":false,"ended":false,"finished":false,"destroyed":false,"decodeStrings":false,"defaultEncoding":"utf8","length":0,"writing":false,"corked":0,"sync":true,"bufferProcessing":false,"writecb":null,"writelen":0,"bufferedRequest":null,"lastBufferedRequest":null,"pendingcb":0,"prefinished":false,"errorEmitted":false,"bufferedRequestCount":0,"corkedRequestsFree":{"next":null,"entry":null}},"writable":true,"allowHalfOpen":true,"_bytesDispatched":0,"_sockname":null,"_pendingData":null,"_pendingEncoding":"","server":{"domain":null,"_events":{},"_eventsCount":2,"_connections":1,"_handle":{"reading":false,"owner":"[Circular]","onread":null,"writeQueueSize":0},"_usingSlaves":false,"_slaves":[],"_unref":false,"allowHalfOpen":true,"pauseOnConnect":false,"httpAllowHalfOpen":false,"timeout":120000,"keepAliveTimeout":5000,"_pendingResponseData":0,"maxHeadersCount":null,"headersTimeout":40000,"_connectionKey":"6::::8080"},"_server":{"domain":null,"_events":{},"_eventsCount":2,"_connections":1,"_handle":{"reading":false,"owner":"[Circular]","onread":null,"writeQueueSize":0},"_usingSlaves":false,"_slaves":[],"_unref":false,"allowHalfOpen":true,"pauseOnConnect":false,"httpAllowHalfOpen":false,"timeout":120000,"keepAliveTimeout":5000,"_pendingResponseData":0,"maxHeadersCount":null,"headersTimeout":40000,"_connectionKey":"6::::8080"},"_idleTimeout":120000,"_idleNext":{"_idleNext":"[Circular]","_idlePrev":"[Circular]","_timer":{"_list":"[Circular]"},"_unrefed":true,"msecs":120000,"nextTick":false},"_idlePrev":{"_idleNext":"[Circular]","_idlePrev":"[Circular]","_timer":{"_list":"[Circular]"},"_unrefed":true,"msecs":120000,"nextTick":false},"_idleStart":9528,"_destroyed":false,"parser":{"_headers":[],"_url":"","_consumed":true,"socket":"[Circular]","incoming":"[Circular]","outgoing":null,"parsingHeadersStart":1585710284876,"maxHeaderPairs":2000},"_paused":false,"_httpMessage":{"domain":null,"_events":{"finish":[null,null]},"_eventsCount":2,"output":[],"outputEncodings":[],"outputCallbacks":[],"outputSize":0,"writable":true,"_last":false,"upgrading":false,"chunkedEncoding":false,"shouldKeepAlive":true,"useChunkedEncodingByDefault":true,"sendDate":true,"_removedConnection":false,"_removedContLen":false,"_removedTE":false,"_contentLength":null,"_hasBody":true,"_trailer":"","finished":false,"_headerSent":false,"socket":"[Circular]","connection":"[Circular]","_header":null,"_sent100":false,"_expect_continue":false,"req":"[Circular]","locals":{}},"_peername":{"address":"::1","family":"IPv6","port":65253}},"_consuming":true,"_dumped":false,"baseUrl":"","originalUrl":"/students/","_parsedUrl":{"protocol":null,"slashes":null,"auth":null,"host":null,"port":null,"hostname":null,"hash":null,"search":null,"query":null,"pathname":"/students/","path":"/students/","href":"/students/","_raw":"/students/"},"params":{},"query":{},"res":{"domain":null,"_events":{"finish":[null,null]},"_eventsCount":2,"output":[],"outputEncodings":[],"outputCallbacks":[],"outputSize":0,"writable":true,"_last":false,"upgrading":false,"chunkedEncoding":false,"shouldKeepAlive":true,"useChunkedEncodingByDefault":true,"sendDate":true,"_removedConnection":false,"_removedContLen":false,"_removedTE":false,"_contentLength":null,"_hasBody":true,"_trailer":"","finished":false,"_headerSent":false,"socket":"[Circular]","connection":"[Circular]","_header":null,"_sent100":false,"_expect_continue":false,"req":"[Circular]","locals":{}},"body":{"rollNumber":"125","firstName":"ashok","lastName":"chourasia","age":32,"adrss":{"loc":"HAL","city":"bangalore","pinCode":560017,"state":"karnatka"}},"_body":true,"_startAt":[423045,465831000],"_startTime":"2020-04-01T03:04:44.975Z","_remoteAddress":"::1"},"level":"info"}
{"message":{"rollNumber":"125","firstName":"ashok","lastName":"chourasia","age":32,"adrss":{"loc":"HAL","city":"bangalore","pinCode":560017,"state":"karnatka"}},"level":"info"}
{"message":"POST /students/ 200 13 - 1833.736 ms\n","level":"info"}
{"message":"Express started on port 8080","level":"info"}
{"message":null,"level":"error"}
{"message":"Express started on port 8080","level":"info"}
{"message":null,"level":"error"}
{"message":"Express started on port 8080","level":"info"}
{"message":null,"level":"error"}
{"message":"Express started on port 8080","level":"info"}
{"message":null,"level":"error"}
{"message":"Express started on port 8080","level":"info"}
{"message":null,"level":"error"}
{"message":{"rollNumber":"125","firstName":"ashok","lastName":"chourasia","age":32,"adrss":{"loc":"HAL","city":"bangalore","pinCode":560017,"state":"karnatka"}},"level":"info"}
{"message":"POST /students/ 200 26 - 605.310 ms\n","level":"info"}
{"message":{},"level":"info"}
{"message":"GET /students/ 200 190 - 121.611 ms\n","level":"info"}
{"message":"Express started on port 8080","level":"info"}
{"message":null,"level":"error"}
{"message":"Express started on port 8080","level":"info"}
{"message":null,"level":"error"}
{"message":{},"level":"info"}
{"message":"GET /students/ 304 - - 133.472 ms\n","level":"info"}
{"message":{},"level":"info"}
{"message":"GET /students/ 304 - - 22.290 ms\n","level":"info"}
{"message":{},"level":"info"}
{"message":"GET /students/ 304 - - 6.464 ms\n","level":"info"}
{"message":{},"level":"info"}
{"message":"GET /students/ 200 190 - 9.170 ms\n","level":"info"}
{"message":"Express started on port 8080","level":"info"}
{"message":null,"level":"error"}
{"message":"GET / 304 - - 9.639 ms\n","level":"info"}
{"message":"GET /favicon.ico 404 150 - 5.611 ms\n","level":"info"}
{"message":"Express started on port 8080","level":"info"}
{"message":null,"level":"error"}
{"message":"Express started on port 8080","level":"info"}
{"message":null,"level":"error"}
{"message":{"firstName":"ashok","lastName":"kumar","fatherName":"ravindra","motherName":"rajkumari","sex":"M","adress":"HAL","state":"KA","distric":"bangalore","city":"bangalore","pincode":560017,"course":"BCA","emailId":"ashok07iet@yr.com","dob":"06/06/1987","Mobile":8905678435,"age":32},"level":"info"}
{"message":"Express started on port 8080","level":"info"}
{"message":null,"level":"error"}
{"message":{"firstName":"ashok","lastName":"kumar","fatherName":"ravindra","motherName":"rajkumari","sex":"M","adress":"HAL","state":"KA","distric":"bangalore","city":"bangalore","pincode":560017,"course":"BCA","emailId":"ashok07iet@yr.com","dob":"06/06/1987","Mobile":8905678435,"age":32},"level":"info"}
{"message":"Express started on port 8080","level":"info"}
{"message":null,"level":"error"}
{"message":{"firstName":"ashok","lastName":"kumar","fatherName":"ravindra","motherName":"rajkumari","sex":"M","adress":"HAL","state":"KA","distric":"bangalore","city":"bangalore","pincode":560017,"course":"BCA","emailId":"ashok07iet@yr.com","dob":"06/06/1987","Mobile":8905678435,"age":32},"level":"info"}
{"stringValue":"\"roll_number\"","kind":"ObjectId","value":"roll_number","path":"_id","reason":{},"message":"error in saving studentCast to ObjectId failed for value \"roll_number\" at path \"_id\" for model \"Counters\"","name":"CastError","level":"error","stack":"CastError: Cast to ObjectId failed for value \"roll_number\" at path \"_id\" for model \"Counters\"\n    at new CastError (C:\\work-home\\school-server\\node_modules\\mongoose\\lib\\error\\cast.js:39:11)\n    at ObjectId.cast (C:\\work-home\\school-server\\node_modules\\mongoose\\lib\\schema\\objectid.js:269:11)\n    at ObjectId.SchemaType.applySetters (C:\\work-home\\school-server\\node_modules\\mongoose\\lib\\schematype.js:1010:12)\n    at ObjectId.SchemaType._castForQuery (C:\\work-home\\school-server\\node_modules\\mongoose\\lib\\schematype.js:1424:15)\n    at ObjectId.SchemaType.castForQuery (C:\\work-home\\school-server\\node_modules\\mongoose\\lib\\schematype.js:1414:15)\n    at ObjectId.SchemaType.castForQueryWrapper (C:\\work-home\\school-server\\node_modules\\mongoose\\lib\\schematype.js:1393:15)\n    at cast (C:\\work-home\\school-server\\node_modules\\mongoose\\lib\\cast.js:315:32)\n    at model.Query.Query.cast (C:\\work-home\\school-server\\node_modules\\mongoose\\lib\\query.js:4690:12)\n    at castQuery (C:\\work-home\\school-server\\node_modules\\mongoose\\lib\\query.js:4497:18)\n    at model.Query.Query._findAndModify (C:\\work-home\\school-server\\node_modules\\mongoose\\lib\\query.js:3441:23)\n    at model.Query.<anonymous> (C:\\work-home\\school-server\\node_modules\\mongoose\\lib\\query.js:3023:8)\n    at model.Query._wrappedThunk [as _findOneAndUpdate] (C:\\work-home\\school-server\\node_modules\\mongoose\\lib\\helpers\\query\\wrapThunk.js:16:8)\n    at process.nextTick (C:\\work-home\\school-server\\node_modules\\kareem\\index.js:369:33)\n    at _combinedTickCallback (internal/process/next_tick.js:132:7)\n    at process._tickCallback (internal/process/next_tick.js:181:9)"}
{"message":"POST /students/ 500 23 - 14699.212 ms\n","level":"info"}
{"message":"Express started on port 8080","level":"info"}
{"message":null,"level":"error"}
{"message":{"firstName":"ashok","lastName":"kumar","fatherName":"ravindra","motherName":"rajkumari","sex":"M","adress":"HAL","state":"KA","distric":"bangalore","city":"bangalore","pincode":560017,"course":"BCA","emailId":"ashok07iet@yr.com","dob":"06/06/1987","Mobile":8905678435,"age":32},"level":"info"}
{"level":"error","message":"error in saving studentnext is not a function","stack":"TypeError: next is not a function\n    at model.<anonymous> (C:\\work-home\\school-server\\src\\models\\student.model.js:23:5)\n    at <anonymous>\n    at process._tickCallback (internal/process/next_tick.js:189:7)"}
{"message":"POST /students/ 500 23 - 15593.913 ms\n","level":"info"}
{"message":"Express started on port 8080","level":"info"}
{"message":null,"level":"error"}
{"message":{"firstName":"ashok","lastName":"kumar","fatherName":"ravindra","motherName":"rajkumari","sex":"M","adress":"HAL","state":"KA","distric":"bangalore","city":"bangalore","pincode":560017,"course":"BCA","emailId":"ashok07iet@yr.com","dob":"06/06/1987","Mobile":8905678435,"age":32},"level":"info"}
{"message":"POST /students/ 200 26 - 16310.348 ms\n","level":"info"}
{"message":"Express started on port 8080","level":"info"}
{"message":null,"level":"error"}
{"message":{"lastName":"kumar","fatherName":"ravindra","motherName":"rajkumari","sex":"M","adress":"HAL","state":"KA","distric":"bangalore","city":"bangalore","pincode":560017,"course":"BCA","emailId":"ashok07iet@yr.com","dob":"06/06/1987","Mobile":8905678435,"age":32},"level":"info"}
{"errors":{"firstName":{"message":"Path `firstName` is required.","name":"ValidatorError","properties":{"message":"Path `firstName` is required.","type":"required","path":"firstName"},"kind":"required","path":"firstName"}},"_message":"Students validation failed","message":"error in saving studentStudents validation failed: firstName: Path `firstName` is required.","name":"ValidationError","level":"error","stack":"ValidationError: Students validation failed: firstName: Path `firstName` is required.\n    at new ValidationError (C:\\work-home\\school-server\\node_modules\\mongoose\\lib\\error\\validation.js:31:11)\n    at model.Document.invalidate (C:\\work-home\\school-server\\node_modules\\mongoose\\lib\\document.js:2552:32)\n    at C:\\work-home\\school-server\\node_modules\\mongoose\\lib\\document.js:2374:17\n    at C:\\work-home\\school-server\\node_modules\\mongoose\\lib\\schematype.js:1099:9\n    at _combinedTickCallback (internal/process/next_tick.js:132:7)\n    at process._tickCallback (internal/process/next_tick.js:181:9)"}
{"message":"POST /students/ 500 23 - 151.571 ms\n","level":"info"}
{"message":"Express started on port 8080","level":"info"}
{"message":null,"level":"error"}
{"message":"Express started on port 8080","level":"info"}
{"message":null,"level":"error"}
{"message":{"firstName":"ashok","lastName":"kumar","fatherName":"ravindra","motherName":"rajkumari","sex":"M1","adress":"HAL","state":"KA","distric":"bangalore","city":"bangalore","pincode":560017,"course":"BCA","emailId":"ashok07iet@yr.com","dob":"06/06/1987","Mobile":8905678435,"age":32},"level":"info"}
{"errors":{"sex":{"message":"`M1` is not a valid enum value for path `sex`.","name":"ValidatorError","properties":{"message":"`M1` is not a valid enum value for path `sex`.","type":"enum","enumValues":["M","F"],"path":"sex","value":"M1"},"kind":"enum","path":"sex","value":"M1"}},"_message":"Students validation failed","message":"error in saving studentStudents validation failed: sex: `M1` is not a valid enum value for path `sex`.","name":"ValidationError","level":"error","stack":"ValidationError: Students validation failed: sex: `M1` is not a valid enum value for path `sex`.\n    at new ValidationError (C:\\work-home\\school-server\\node_modules\\mongoose\\lib\\error\\validation.js:31:11)\n    at model.Document.invalidate (C:\\work-home\\school-server\\node_modules\\mongoose\\lib\\document.js:2552:32)\n    at C:\\work-home\\school-server\\node_modules\\mongoose\\lib\\document.js:2374:17\n    at C:\\work-home\\school-server\\node_modules\\mongoose\\lib\\schematype.js:1099:9\n    at _combinedTickCallback (internal/process/next_tick.js:132:7)\n    at process._tickCallback (internal/process/next_tick.js:181:9)"}
{"message":"POST /students/ 500 23 - 22989.554 ms\n","level":"info"}
{"message":{"firstName":"ashok","lastName":"kumar","fatherName":"ravindra","motherName":"rajkumari","sex":"M","adress":"HAL","state":"KA","distric":"bangalore","city":"bangalore","pincode":560017,"course":"BCA","emailId":"ashok07iet@yr.com","dob":"06/06/1987","Mobile":8905678435,"age":32},"level":"info"}
{"message":"POST /students/ 200 26 - 6910.779 ms\n","level":"info"}
{"message":"Express started on port 8080","level":"info"}
{"message":null,"level":"error"}
{"message":"Express started on port 8080","level":"info"}
{"message":null,"level":"error"}
{"message":{"firstName":"ashok4","lastName":"kumar","fatherName":"ravindra","motherName":"rajkumari","sex":"M","adress":"HAL","state":"KA","distric":"bangalore","city":"bangalore","pincode":560017,"course":"BCA","emailId":"ashok07iet@yr.com","dob":"06/06/1987","Mobile":8905678435,"age":32},"level":"info"}
{"message":"POST /students/ 200 26 - 13430.392 ms\n","level":"info"}
{"message":"Express started on port 8080","level":"info"}
{"message":null,"level":"error"}
{"message":"GET /students/ 401 42 - 42.355 ms\n","level":"info"}
{"level":"error"}
{"message":"GET /students/ 401 48 - 110.123 ms\n","level":"info"}
{"level":"error"}
{"message":"GET /students/ 401 48 - 17414.902 ms\n","level":"info"}
{"message":"Express started on port 8080","level":"info"}
{"message":null,"level":"error"}
{"message":{},"level":"info"}
{"message":"Express started on port 8080","level":"info"}
{"message":null,"level":"error"}
{"message":"Express started on port 8080","level":"info"}
{"message":null,"level":"error"}
{"message":"Express started on port 8080","level":"info"}
{"message":null,"level":"error"}
{"message":{},"level":"info"}
{"message":"GET /students/ 200 1055 - 233.741 ms\n","level":"info"}
