{"message":null,"level":"error"}
{"message":null,"level":"error"}
{"message":null,"level":"error"}
{"message":null,"level":"error"}
{"message":null,"level":"error"}
{"message":null,"level":"error"}
{"message":null,"level":"error"}
{"message":null,"level":"error"}
{"message":null,"level":"error"}
{"message":null,"level":"error"}
{"message":null,"level":"error"}
{"message":null,"level":"error"}
{"message":null,"level":"error"}
{"message":null,"level":"error"}
{"message":null,"level":"error"}
{"message":null,"level":"error"}
{"message":null,"level":"error"}
{"message":null,"level":"error"}
{"message":null,"level":"error"}
{"message":null,"level":"error"}
{"message":null,"level":"error"}
{"message":null,"level":"error"}
{"message":null,"level":"error"}
{"message":null,"level":"error"}
{"message":null,"level":"error"}
{"message":null,"level":"error"}
{"message":null,"level":"error"}
{"message":null,"level":"error"}
{"message":null,"level":"error"}
{"message":null,"level":"error"}
{"message":null,"level":"error"}
{"message":null,"level":"error"}
{"message":null,"level":"error"}
{"message":null,"level":"error"}
{"stringValue":"\"roll_number\"","kind":"ObjectId","value":"roll_number","path":"_id","reason":{},"message":"error in saving studentCast to ObjectId failed for value \"roll_number\" at path \"_id\" for model \"Counters\"","name":"CastError","level":"error","stack":"CastError: Cast to ObjectId failed for value \"roll_number\" at path \"_id\" for model \"Counters\"\n    at new CastError (C:\\work-home\\school-server\\node_modules\\mongoose\\lib\\error\\cast.js:39:11)\n    at ObjectId.cast (C:\\work-home\\school-server\\node_modules\\mongoose\\lib\\schema\\objectid.js:269:11)\n    at ObjectId.SchemaType.applySetters (C:\\work-home\\school-server\\node_modules\\mongoose\\lib\\schematype.js:1010:12)\n    at ObjectId.SchemaType._castForQuery (C:\\work-home\\school-server\\node_modules\\mongoose\\lib\\schematype.js:1424:15)\n    at ObjectId.SchemaType.castForQuery (C:\\work-home\\school-server\\node_modules\\mongoose\\lib\\schematype.js:1414:15)\n    at ObjectId.SchemaType.castForQueryWrapper (C:\\work-home\\school-server\\node_modules\\mongoose\\lib\\schematype.js:1393:15)\n    at cast (C:\\work-home\\school-server\\node_modules\\mongoose\\lib\\cast.js:315:32)\n    at model.Query.Query.cast (C:\\work-home\\school-server\\node_modules\\mongoose\\lib\\query.js:4690:12)\n    at castQuery (C:\\work-home\\school-server\\node_modules\\mongoose\\lib\\query.js:4497:18)\n    at model.Query.Query._findAndModify (C:\\work-home\\school-server\\node_modules\\mongoose\\lib\\query.js:3441:23)\n    at model.Query.<anonymous> (C:\\work-home\\school-server\\node_modules\\mongoose\\lib\\query.js:3023:8)\n    at model.Query._wrappedThunk [as _findOneAndUpdate] (C:\\work-home\\school-server\\node_modules\\mongoose\\lib\\helpers\\query\\wrapThunk.js:16:8)\n    at process.nextTick (C:\\work-home\\school-server\\node_modules\\kareem\\index.js:369:33)\n    at _combinedTickCallback (internal/process/next_tick.js:132:7)\n    at process._tickCallback (internal/process/next_tick.js:181:9)"}
{"message":null,"level":"error"}
{"level":"error","message":"error in saving studentnext is not a function","stack":"TypeError: next is not a function\n    at model.<anonymous> (C:\\work-home\\school-server\\src\\models\\student.model.js:23:5)\n    at <anonymous>\n    at process._tickCallback (internal/process/next_tick.js:189:7)"}
{"message":null,"level":"error"}
{"message":null,"level":"error"}
{"errors":{"firstName":{"message":"Path `firstName` is required.","name":"ValidatorError","properties":{"message":"Path `firstName` is required.","type":"required","path":"firstName"},"kind":"required","path":"firstName"}},"_message":"Students validation failed","message":"error in saving studentStudents validation failed: firstName: Path `firstName` is required.","name":"ValidationError","level":"error","stack":"ValidationError: Students validation failed: firstName: Path `firstName` is required.\n    at new ValidationError (C:\\work-home\\school-server\\node_modules\\mongoose\\lib\\error\\validation.js:31:11)\n    at model.Document.invalidate (C:\\work-home\\school-server\\node_modules\\mongoose\\lib\\document.js:2552:32)\n    at C:\\work-home\\school-server\\node_modules\\mongoose\\lib\\document.js:2374:17\n    at C:\\work-home\\school-server\\node_modules\\mongoose\\lib\\schematype.js:1099:9\n    at _combinedTickCallback (internal/process/next_tick.js:132:7)\n    at process._tickCallback (internal/process/next_tick.js:181:9)"}
{"message":null,"level":"error"}
{"message":null,"level":"error"}
{"errors":{"sex":{"message":"`M1` is not a valid enum value for path `sex`.","name":"ValidatorError","properties":{"message":"`M1` is not a valid enum value for path `sex`.","type":"enum","enumValues":["M","F"],"path":"sex","value":"M1"},"kind":"enum","path":"sex","value":"M1"}},"_message":"Students validation failed","message":"error in saving studentStudents validation failed: sex: `M1` is not a valid enum value for path `sex`.","name":"ValidationError","level":"error","stack":"ValidationError: Students validation failed: sex: `M1` is not a valid enum value for path `sex`.\n    at new ValidationError (C:\\work-home\\school-server\\node_modules\\mongoose\\lib\\error\\validation.js:31:11)\n    at model.Document.invalidate (C:\\work-home\\school-server\\node_modules\\mongoose\\lib\\document.js:2552:32)\n    at C:\\work-home\\school-server\\node_modules\\mongoose\\lib\\document.js:2374:17\n    at C:\\work-home\\school-server\\node_modules\\mongoose\\lib\\schematype.js:1099:9\n    at _combinedTickCallback (internal/process/next_tick.js:132:7)\n    at process._tickCallback (internal/process/next_tick.js:181:9)"}
{"message":null,"level":"error"}
{"message":null,"level":"error"}
{"message":null,"level":"error"}
{"level":"error"}
{"level":"error"}
{"message":null,"level":"error"}
{"message":null,"level":"error"}
{"message":null,"level":"error"}
{"message":null,"level":"error"}
